<?xml version="1.0" encoding="UTF-8"?>
<!-- Generated by org.testng.reporters.JUnitReportReporter -->
<testsuite hostname="Dell" name="com.pom.testScripts.KomootTest" tests="3" failures="0" timestamp="12 May 2018 11:36:45 GMT" time="64.161" errors="0">
  <testcase name="komootAppTest2_HorizontalSportType" time="4.411" classname="com.pom.testScripts.KomootTest"/>
  <testcase name="komootAppTest1_VerifySportType" time="6.912" classname="com.pom.testScripts.KomootTest"/>
  <testcase name="komootAppTest3_verifyPlanPage" time="52.838" classname="com.pom.testScripts.KomootTest"/>
</testsuite> <!-- com.pom.testScripts.KomootTest -->
