<?xml version="1.0" encoding="UTF-8"?>
<!-- Generated by org.testng.reporters.JUnitReportReporter -->
<testsuite hostname="Dell" name="com.pom.testScripts.KomootTest" tests="1" failures="0" timestamp="12 May 2018 09:25:57 GMT" time="10.212" errors="0">
  <testcase name="komootAppTest1_VerifySportType" time="10.212" classname="com.pom.testScripts.KomootTest"/>
</testsuite> <!-- com.pom.testScripts.KomootTest -->
