<?xml version="1.0" encoding="UTF-8"?>
<!-- Generated by org.testng.reporters.JUnitReportReporter -->
<testsuite hostname="Dell" name="com.pom.testScripts.KomootTest" tests="2" failures="0" timestamp="12 May 2018 10:31:50 GMT" time="22.048" errors="0">
  <testcase name="komootAppTest2_HorizontalSportType" time="4.293" classname="com.pom.testScripts.KomootTest"/>
  <testcase name="komootAppTest1_VerifySportType" time="17.755" classname="com.pom.testScripts.KomootTest"/>
</testsuite> <!-- com.pom.testScripts.KomootTest -->
