<?xml version="1.0" encoding="UTF-8"?>
<!-- Generated by org.testng.reporters.JUnitReportReporter -->
<testsuite hostname="Dell" name="com.pom.testScripts.KomootTest" tests="1" failures="0" timestamp="12 May 2018 10:12:42 GMT" time="7.725" errors="0">
  <testcase name="komootAppTest1_VerifySportType" time="7.725" classname="com.pom.testScripts.KomootTest"/>
</testsuite> <!-- com.pom.testScripts.KomootTest -->
