<?xml version="1.0" encoding="UTF-8"?>
<!-- Generated by org.testng.reporters.JUnitReportReporter -->
<testsuite hostname="Dell" name="com.pom.testScripts.KomootTest" tests="8" failures="0" timestamp="12 May 2018 15:39:05 GMT" time="106.220" errors="0">
  <testcase name="komootAppTest1_VerifySportType" time="8.057" classname="com.pom.testScripts.KomootTest"/>
  <testcase name="komootAppTest4_verifyStartRecordingTextOnMapPage" time="2.518" classname="com.pom.testScripts.KomootTest"/>
  <testcase name="komootAppTest5_verifyStartRecordingOnMapPage" time="9.449" classname="com.pom.testScripts.KomootTest"/>
  <testcase name="komootAppTest7_viewVouchersOnRegionPage" time="6.197" classname="com.pom.testScripts.KomootTest"/>
  <testcase name="komootAppTest2_HorizontalSportType" time="4.548" classname="com.pom.testScripts.KomootTest"/>
  <testcase name="komootAppTest3_verifyPlanPage" time="51.603" classname="com.pom.testScripts.KomootTest"/>
  <testcase name="komootAppTest6_verifyTitleOnRegionPage" time="3.152" classname="com.pom.testScripts.KomootTest"/>
  <testcase name="komootAppTest8_viewVouchersOnRegionPage" time="20.696" classname="com.pom.testScripts.KomootTest"/>
</testsuite> <!-- com.pom.testScripts.KomootTest -->
